<?xml version="1.0" encoding="utf-8"?><testsuites name="pytest tests"><testsuite name="pytest" errors="0" failures="0" skipped="0" tests="17" time="7.760" timestamp="2026-09-04T13:33:46.282008+00:00" hostname="agent-env-5e2c364d-8a02-439e-b78c-31d13832e0e8"><testcase classname="tests.backend_test" name="test_auth_me" time="0.769" /><testcase classname="tests.test_iteration3" name="test_dashboard_summary_non_empty" time="3.020" /><testcase classname="tests.backend_test" name="test_dashboard_live_stocks" time="2.261" /><testcase classname="tests.test_iteration3" name="test_dashboard_switch_watchlist" time="0.152" /><testcase classname="tests.backend_test" name="test_stock_detail_reliance" time="1.343" /><testcase classname="tests.test_iteration3" name="test_stocks_preview_curated" time="0.047" /><testcase classname="tests.test_iteration3" name="test_stocks_preview_paytm" time="0.196" /><testcase classname="tests.test_iteration3" name="test_stocks_preview_bogus_404" time="1.461" /><testcase classname="tests.backend_test" name="test_stock_news_endpoint" time="0.332" /><testcase classname="tests.backend_test" name="test_add_custom_ticker_paytm_and_reject_bogus" time="1.558" /><testcase classname="tests.test_iteration3" name="test_alerts_crud" time="0.396" /><testcase classname="tests.test_iteration3" name="test_alert_trigger_via_dashboard" time="1.214" /><testcase classname="tests.backend_test" name="test_sector_technology" time="0.094" /><testcase classname="tests.backend_test" name="test_sector_empty_returns_404" time="0.043" /><testcase classname="tests.backend_test" name="test_watchlists_crud" time="0.241" /><testcase classname="tests.backend_test" name="test_legacy_watchlist_self_heal_via_dashboard" time="0.496" /><testcase classname="tests.backend_test" name="test_zzz_logout" time="0.072" /></testsuite></testsuites>