<?xml version="1.0" encoding="utf-8"?><testsuites name="pytest tests"><testsuite name="pytest" errors="0" failures="0" skipped="0" tests="10" time="4.852" timestamp="2026-09-04T13:09:54.463090+00:00" hostname="agent-env-5e2c364d-8a02-439e-b78c-31d13832e0e8"><testcase classname="tests.backend_test" name="test_auth_me" time="0.596" /><testcase classname="tests.backend_test" name="test_dashboard_live_stocks" time="0.414" /><testcase classname="tests.backend_test" name="test_stock_detail_reliance" time="0.275" /><testcase classname="tests.backend_test" name="test_stock_news_endpoint" time="0.243" /><testcase classname="tests.backend_test" name="test_add_custom_ticker_paytm_and_reject_bogus" time="1.471" /><testcase classname="tests.backend_test" name="test_sector_technology" time="0.126" /><testcase classname="tests.backend_test" name="test_sector_empty_returns_404" time="0.036" /><testcase classname="tests.backend_test" name="test_watchlists_crud" time="0.482" /><testcase classname="tests.backend_test" name="test_legacy_watchlist_self_heal_via_dashboard" time="0.437" /><testcase classname="tests.backend_test" name="test_zzz_logout" time="0.151" /></testsuite></testsuites>